[05/jul./2024 02:10:07] [:] INFO - HV000001: Hibernate Validator 8.0.1.Final (org.hibernate.validator.internal.util.Version.<clinit>(Version.java:21))
[05/jul./2024 02:10:07] [:] INFO - Starting VaccineIoOperationRepositoryTest using Java 22.0.1 with PID 5504 (started by master in C:\Users\master\Documents\Jesse3\openhospital-core) (org.springframework.boot.StartupInfoLogger.logStarting(StartupInfoLogger.java:50))
[05/jul./2024 02:10:07] [:] INFO - No active profile set, falling back to 1 default profile: "default" (org.springframework.boot.SpringApplication.logStartupProfileInfo(SpringApplication.java:654))
[05/jul./2024 02:10:10] [:] INFO - Bootstrapping Spring Data JPA repositories in DEFAULT mode. (org.springframework.data.repository.config.RepositoryConfigurationDelegate.registerRepositoriesIn(RepositoryConfigurationDelegate.java:143))
[05/jul./2024 02:10:11] [:] INFO - Finished Spring Data repository scanning in 908 ms. Found 59 JPA repository interfaces. (org.springframework.data.repository.config.RepositoryConfigurationDelegate.registerRepositoriesIn(RepositoryConfigurationDelegate.java:211))
[05/jul./2024 02:10:11] [:] INFO - Replacing 'dataSource' DataSource bean with embedded version (org.springframework.boot.test.autoconfigure.jdbc.TestDatabaseAutoConfiguration$EmbeddedDataSourceBeanFactoryPostProcessor.process(TestDatabaseAutoConfiguration.java:104))
[05/jul./2024 02:10:12] [:] INFO - Starting embedded database: url='jdbc:h2:mem:d2ec2b71-19b0-4640-9595-247240c954e0;DB_CLOSE_DELAY=-1;DB_CLOSE_ON_EXIT=false', username='sa' (org.springframework.jdbc.datasource.embedded.EmbeddedDatabaseFactory.initDatabase(EmbeddedDatabaseFactory.java:189))
[05/jul./2024 02:10:13] [:] INFO - HHH000204: Processing PersistenceUnitInfo [name: default] (org.hibernate.jpa.internal.util.LogHelper.logPersistenceUnitInformation(LogHelper.java:31))
[05/jul./2024 02:10:13] [:] INFO - HHH000412: Hibernate ORM core version 6.4.9.Final (org.hibernate.Version.logVersion(Version.java:44))
[05/jul./2024 02:10:13] [:] INFO - HHH000026: Second-level cache disabled (org.hibernate.cache.internal.RegionFactoryInitiator.initiateService(RegionFactoryInitiator.java:50))
[05/jul./2024 02:10:13] [:] INFO - No LoadTimeWeaver setup: ignoring JPA class transformer (org.springframework.orm.jpa.persistenceunit.SpringPersistenceUnitInfo.addTransformer(SpringPersistenceUnitInfo.java:87))
[05/jul./2024 02:10:19] [:] INFO - HHH000489: No JTA platform available (set 'hibernate.transaction.jta.platform' to enable JTA platform integration) (org.hibernate.engine.transaction.jta.platform.internal.JtaPlatformInitiator.initiateService(JtaPlatformInitiator.java:58))
[05/jul./2024 02:10:20] [:] INFO - Initialized JPA EntityManagerFactory for persistence unit 'default' (org.springframework.orm.jpa.AbstractEntityManagerFactoryBean.buildNativeEntityManagerFactory(AbstractEntityManagerFactoryBean.java:437))
[05/jul./2024 02:10:21] [:] INFO - Hibernate is in classpath; If applicable, HQL parser will be used. (org.springframework.data.jpa.repository.query.QueryEnhancerFactory.<clinit>(QueryEnhancerFactory.java:49))
[05/jul./2024 02:10:29] [:] INFO - Started VaccineIoOperationRepositoryTest in 24.101 seconds (process running for 32.897) (org.springframework.boot.StartupInfoLogger.logStarted(StartupInfoLogger.java:56))
[05/jul./2024 02:10:36] [:] INFO - Could not detect default configuration classes for test class [org.isf.vactype.VaccineTypeIoOperationRepositoryTest]: VaccineTypeIoOperationRepositoryTest does not declare any static, non-private, non-final, nested classes annotated with @Configuration. (org.springframework.test.context.support.AnnotationConfigContextLoaderUtils.detectDefaultConfigurationClasses(AnnotationConfigContextLoaderUtils.java:83))
[05/jul./2024 02:10:36] [:] INFO - Found @SpringBootConfiguration org.isf.OpenHospitalCoreApplication for test class org.isf.vactype.VaccineTypeIoOperationRepositoryTest (org.springframework.boot.test.context.SpringBootTestContextBootstrapper.getOrFindConfigurationClasses(SpringBootTestContextBootstrapper.java:234))
[05/jul./2024 02:10:44] [:] INFO - Closing JPA EntityManagerFactory for persistence unit 'default' (org.springframework.orm.jpa.AbstractEntityManagerFactoryBean.destroy(AbstractEntityManagerFactoryBean.java:650))
[05/jul./2024 02:44:15] [:] INFO - HV000001: Hibernate Validator 8.0.1.Final (org.hibernate.validator.internal.util.Version.<clinit>(Version.java:21))
[05/jul./2024 02:44:16] [:] INFO - Starting VaccineIoOperationRepositoryTest using Java 22.0.1 with PID 16988 (started by master in C:\Users\master\Documents\Jesse3\openhospital-core) (org.springframework.boot.StartupInfoLogger.logStarting(StartupInfoLogger.java:50))
[05/jul./2024 02:44:16] [:] INFO - No active profile set, falling back to 1 default profile: "default" (org.springframework.boot.SpringApplication.logStartupProfileInfo(SpringApplication.java:654))
[05/jul./2024 02:44:18] [:] INFO - Bootstrapping Spring Data JPA repositories in DEFAULT mode. (org.springframework.data.repository.config.RepositoryConfigurationDelegate.registerRepositoriesIn(RepositoryConfigurationDelegate.java:143))
[05/jul./2024 02:44:19] [:] INFO - Finished Spring Data repository scanning in 1124 ms. Found 59 JPA repository interfaces. (org.springframework.data.repository.config.RepositoryConfigurationDelegate.registerRepositoriesIn(RepositoryConfigurationDelegate.java:211))
[05/jul./2024 02:44:19] [:] INFO - Replacing 'dataSource' DataSource bean with embedded version (org.springframework.boot.test.autoconfigure.jdbc.TestDatabaseAutoConfiguration$EmbeddedDataSourceBeanFactoryPostProcessor.process(TestDatabaseAutoConfiguration.java:104))
[05/jul./2024 02:44:19] [:] INFO - Starting embedded database: url='jdbc:h2:mem:a24def10-a4e4-4181-84f5-a586c9ca0699;DB_CLOSE_DELAY=-1;DB_CLOSE_ON_EXIT=false', username='sa' (org.springframework.jdbc.datasource.embedded.EmbeddedDatabaseFactory.initDatabase(EmbeddedDatabaseFactory.java:189))
[05/jul./2024 02:44:21] [:] INFO - HHH000204: Processing PersistenceUnitInfo [name: default] (org.hibernate.jpa.internal.util.LogHelper.logPersistenceUnitInformation(LogHelper.java:31))
[05/jul./2024 02:44:21] [:] INFO - HHH000412: Hibernate ORM core version 6.4.9.Final (org.hibernate.Version.logVersion(Version.java:44))
[05/jul./2024 02:44:21] [:] INFO - HHH000026: Second-level cache disabled (org.hibernate.cache.internal.RegionFactoryInitiator.initiateService(RegionFactoryInitiator.java:50))
[05/jul./2024 02:44:21] [:] INFO - No LoadTimeWeaver setup: ignoring JPA class transformer (org.springframework.orm.jpa.persistenceunit.SpringPersistenceUnitInfo.addTransformer(SpringPersistenceUnitInfo.java:87))
[05/jul./2024 02:44:30] [:] INFO - HHH000489: No JTA platform available (set 'hibernate.transaction.jta.platform' to enable JTA platform integration) (org.hibernate.engine.transaction.jta.platform.internal.JtaPlatformInitiator.initiateService(JtaPlatformInitiator.java:58))
[05/jul./2024 02:44:31] [:] INFO - Initialized JPA EntityManagerFactory for persistence unit 'default' (org.springframework.orm.jpa.AbstractEntityManagerFactoryBean.buildNativeEntityManagerFactory(AbstractEntityManagerFactoryBean.java:437))
[05/jul./2024 02:44:32] [:] INFO - Hibernate is in classpath; If applicable, HQL parser will be used. (org.springframework.data.jpa.repository.query.QueryEnhancerFactory.<clinit>(QueryEnhancerFactory.java:49))
[05/jul./2024 02:44:40] [:] INFO - Started VaccineIoOperationRepositoryTest in 25.11 seconds (process running for 34.671) (org.springframework.boot.StartupInfoLogger.logStarted(StartupInfoLogger.java:56))
[05/jul./2024 02:44:46] [:] INFO - Could not detect default configuration classes for test class [org.isf.vactype.VaccineTypeIoOperationRepositoryTest]: VaccineTypeIoOperationRepositoryTest does not declare any static, non-private, non-final, nested classes annotated with @Configuration. (org.springframework.test.context.support.AnnotationConfigContextLoaderUtils.detectDefaultConfigurationClasses(AnnotationConfigContextLoaderUtils.java:83))
[05/jul./2024 02:44:47] [:] INFO - Found @SpringBootConfiguration org.isf.OpenHospitalCoreApplication for test class org.isf.vactype.VaccineTypeIoOperationRepositoryTest (org.springframework.boot.test.context.SpringBootTestContextBootstrapper.getOrFindConfigurationClasses(SpringBootTestContextBootstrapper.java:234))
[05/jul./2024 02:45:02] [:] INFO - Closing JPA EntityManagerFactory for persistence unit 'default' (org.springframework.orm.jpa.AbstractEntityManagerFactoryBean.destroy(AbstractEntityManagerFactoryBean.java:650))
[05/jul./2024 02:57:38] [:] INFO - HV000001: Hibernate Validator 8.0.1.Final (org.hibernate.validator.internal.util.Version.<clinit>(Version.java:21))
[05/jul./2024 02:57:38] [:] INFO - Starting VaccineIoOperationRepositoryTest using Java 22.0.1 with PID 16596 (started by master in C:\Users\master\Documents\Jesse3\openhospital-core) (org.springframework.boot.StartupInfoLogger.logStarting(StartupInfoLogger.java:50))
[05/jul./2024 02:57:38] [:] INFO - No active profile set, falling back to 1 default profile: "default" (org.springframework.boot.SpringApplication.logStartupProfileInfo(SpringApplication.java:654))
[05/jul./2024 02:57:40] [:] INFO - Bootstrapping Spring Data JPA repositories in DEFAULT mode. (org.springframework.data.repository.config.RepositoryConfigurationDelegate.registerRepositoriesIn(RepositoryConfigurationDelegate.java:143))
[05/jul./2024 02:57:41] [:] INFO - Finished Spring Data repository scanning in 785 ms. Found 59 JPA repository interfaces. (org.springframework.data.repository.config.RepositoryConfigurationDelegate.registerRepositoriesIn(RepositoryConfigurationDelegate.java:211))
[05/jul./2024 02:57:41] [:] INFO - Replacing 'dataSource' DataSource bean with embedded version (org.springframework.boot.test.autoconfigure.jdbc.TestDatabaseAutoConfiguration$EmbeddedDataSourceBeanFactoryPostProcessor.process(TestDatabaseAutoConfiguration.java:104))
[05/jul./2024 02:57:42] [:] INFO - Starting embedded database: url='jdbc:h2:mem:b4269c33-7644-419a-ade9-4061a0b5e221;DB_CLOSE_DELAY=-1;DB_CLOSE_ON_EXIT=false', username='sa' (org.springframework.jdbc.datasource.embedded.EmbeddedDatabaseFactory.initDatabase(EmbeddedDatabaseFactory.java:189))
[05/jul./2024 02:57:42] [:] INFO - HHH000204: Processing PersistenceUnitInfo [name: default] (org.hibernate.jpa.internal.util.LogHelper.logPersistenceUnitInformation(LogHelper.java:31))
[05/jul./2024 02:57:42] [:] INFO - HHH000412: Hibernate ORM core version 6.4.9.Final (org.hibernate.Version.logVersion(Version.java:44))
[05/jul./2024 02:57:43] [:] INFO - HHH000026: Second-level cache disabled (org.hibernate.cache.internal.RegionFactoryInitiator.initiateService(RegionFactoryInitiator.java:50))
[05/jul./2024 02:57:43] [:] INFO - No LoadTimeWeaver setup: ignoring JPA class transformer (org.springframework.orm.jpa.persistenceunit.SpringPersistenceUnitInfo.addTransformer(SpringPersistenceUnitInfo.java:87))
[05/jul./2024 02:57:56] [:] INFO - HHH000489: No JTA platform available (set 'hibernate.transaction.jta.platform' to enable JTA platform integration) (org.hibernate.engine.transaction.jta.platform.internal.JtaPlatformInitiator.initiateService(JtaPlatformInitiator.java:58))
[05/jul./2024 02:57:57] [:] INFO - Initialized JPA EntityManagerFactory for persistence unit 'default' (org.springframework.orm.jpa.AbstractEntityManagerFactoryBean.buildNativeEntityManagerFactory(AbstractEntityManagerFactoryBean.java:437))
[05/jul./2024 02:57:58] [:] INFO - Hibernate is in classpath; If applicable, HQL parser will be used. (org.springframework.data.jpa.repository.query.QueryEnhancerFactory.<clinit>(QueryEnhancerFactory.java:49))
[05/jul./2024 02:58:06] [:] INFO - Started VaccineIoOperationRepositoryTest in 29.433 seconds (process running for 43.319) (org.springframework.boot.StartupInfoLogger.logStarted(StartupInfoLogger.java:56))
[05/jul./2024 02:58:13] [:] INFO - Could not detect default configuration classes for test class [org.isf.vactype.VaccineTypeIoOperationRepositoryTest]: VaccineTypeIoOperationRepositoryTest does not declare any static, non-private, non-final, nested classes annotated with @Configuration. (org.springframework.test.context.support.AnnotationConfigContextLoaderUtils.detectDefaultConfigurationClasses(AnnotationConfigContextLoaderUtils.java:83))
[05/jul./2024 02:58:14] [:] INFO - Found @SpringBootConfiguration org.isf.OpenHospitalCoreApplication for test class org.isf.vactype.VaccineTypeIoOperationRepositoryTest (org.springframework.boot.test.context.SpringBootTestContextBootstrapper.getOrFindConfigurationClasses(SpringBootTestContextBootstrapper.java:234))
[05/jul./2024 02:58:20] [:] INFO - Closing JPA EntityManagerFactory for persistence unit 'default' (org.springframework.orm.jpa.AbstractEntityManagerFactoryBean.destroy(AbstractEntityManagerFactoryBean.java:650))
[05/jul./2024 02:59:39] [:] INFO - HV000001: Hibernate Validator 8.0.1.Final (org.hibernate.validator.internal.util.Version.<clinit>(Version.java:21))
[05/jul./2024 02:59:39] [:] INFO - Starting VaccineIoOperationRepositoryTest using Java 22.0.1 with PID 17460 (started by master in C:\Users\master\Documents\Jesse3\openhospital-core) (org.springframework.boot.StartupInfoLogger.logStarting(StartupInfoLogger.java:50))
[05/jul./2024 02:59:39] [:] INFO - No active profile set, falling back to 1 default profile: "default" (org.springframework.boot.SpringApplication.logStartupProfileInfo(SpringApplication.java:654))
[05/jul./2024 02:59:41] [:] INFO - Bootstrapping Spring Data JPA repositories in DEFAULT mode. (org.springframework.data.repository.config.RepositoryConfigurationDelegate.registerRepositoriesIn(RepositoryConfigurationDelegate.java:143))
[05/jul./2024 02:59:42] [:] INFO - Finished Spring Data repository scanning in 1129 ms. Found 59 JPA repository interfaces. (org.springframework.data.repository.config.RepositoryConfigurationDelegate.registerRepositoriesIn(RepositoryConfigurationDelegate.java:211))
[05/jul./2024 02:59:43] [:] INFO - Replacing 'dataSource' DataSource bean with embedded version (org.springframework.boot.test.autoconfigure.jdbc.TestDatabaseAutoConfiguration$EmbeddedDataSourceBeanFactoryPostProcessor.process(TestDatabaseAutoConfiguration.java:104))
[05/jul./2024 02:59:43] [:] INFO - Starting embedded database: url='jdbc:h2:mem:582bd396-8c3b-4993-aa82-8783b6fb3c16;DB_CLOSE_DELAY=-1;DB_CLOSE_ON_EXIT=false', username='sa' (org.springframework.jdbc.datasource.embedded.EmbeddedDatabaseFactory.initDatabase(EmbeddedDatabaseFactory.java:189))
[05/jul./2024 02:59:44] [:] INFO - HHH000204: Processing PersistenceUnitInfo [name: default] (org.hibernate.jpa.internal.util.LogHelper.logPersistenceUnitInformation(LogHelper.java:31))
[05/jul./2024 02:59:44] [:] INFO - HHH000412: Hibernate ORM core version 6.4.9.Final (org.hibernate.Version.logVersion(Version.java:44))
[05/jul./2024 02:59:45] [:] INFO - HHH000026: Second-level cache disabled (org.hibernate.cache.internal.RegionFactoryInitiator.initiateService(RegionFactoryInitiator.java:50))
[05/jul./2024 02:59:45] [:] INFO - No LoadTimeWeaver setup: ignoring JPA class transformer (org.springframework.orm.jpa.persistenceunit.SpringPersistenceUnitInfo.addTransformer(SpringPersistenceUnitInfo.java:87))
[05/jul./2024 02:59:57] [:] INFO - HHH000489: No JTA platform available (set 'hibernate.transaction.jta.platform' to enable JTA platform integration) (org.hibernate.engine.transaction.jta.platform.internal.JtaPlatformInitiator.initiateService(JtaPlatformInitiator.java:58))
[05/jul./2024 02:59:59] [:] INFO - Initialized JPA EntityManagerFactory for persistence unit 'default' (org.springframework.orm.jpa.AbstractEntityManagerFactoryBean.buildNativeEntityManagerFactory(AbstractEntityManagerFactoryBean.java:437))
[05/jul./2024 03:00:00] [:] INFO - Hibernate is in classpath; If applicable, HQL parser will be used. (org.springframework.data.jpa.repository.query.QueryEnhancerFactory.<clinit>(QueryEnhancerFactory.java:49))
[05/jul./2024 03:00:09] [:] INFO - Started VaccineIoOperationRepositoryTest in 31.258 seconds (process running for 41.935) (org.springframework.boot.StartupInfoLogger.logStarted(StartupInfoLogger.java:56))
[05/jul./2024 03:13:17] [:] INFO - HV000001: Hibernate Validator 8.0.1.Final (org.hibernate.validator.internal.util.Version.<clinit>(Version.java:21))
[05/jul./2024 03:13:18] [:] INFO - Starting VaccineIoOperationRepositoryTest using Java 22.0.1 with PID 12328 (started by master in C:\Users\master\Documents\Jesse3\openhospital-core) (org.springframework.boot.StartupInfoLogger.logStarting(StartupInfoLogger.java:50))
[05/jul./2024 03:13:18] [:] INFO - No active profile set, falling back to 1 default profile: "default" (org.springframework.boot.SpringApplication.logStartupProfileInfo(SpringApplication.java:654))
[05/jul./2024 03:13:20] [:] INFO - Bootstrapping Spring Data JPA repositories in DEFAULT mode. (org.springframework.data.repository.config.RepositoryConfigurationDelegate.registerRepositoriesIn(RepositoryConfigurationDelegate.java:143))
[05/jul./2024 03:13:22] [:] INFO - Finished Spring Data repository scanning in 2459 ms. Found 59 JPA repository interfaces. (org.springframework.data.repository.config.RepositoryConfigurationDelegate.registerRepositoriesIn(RepositoryConfigurationDelegate.java:211))
[05/jul./2024 03:13:22] [:] INFO - Replacing 'dataSource' DataSource bean with embedded version (org.springframework.boot.test.autoconfigure.jdbc.TestDatabaseAutoConfiguration$EmbeddedDataSourceBeanFactoryPostProcessor.process(TestDatabaseAutoConfiguration.java:104))
[05/jul./2024 03:13:23] [:] INFO - Starting embedded database: url='jdbc:h2:mem:7c6a3642-8e38-4cc5-8c87-4ca0fdd752ff;DB_CLOSE_DELAY=-1;DB_CLOSE_ON_EXIT=false', username='sa' (org.springframework.jdbc.datasource.embedded.EmbeddedDatabaseFactory.initDatabase(EmbeddedDatabaseFactory.java:189))
[05/jul./2024 03:13:24] [:] INFO - HHH000204: Processing PersistenceUnitInfo [name: default] (org.hibernate.jpa.internal.util.LogHelper.logPersistenceUnitInformation(LogHelper.java:31))
[05/jul./2024 03:13:24] [:] INFO - HHH000412: Hibernate ORM core version 6.4.9.Final (org.hibernate.Version.logVersion(Version.java:44))
[05/jul./2024 03:13:24] [:] INFO - HHH000026: Second-level cache disabled (org.hibernate.cache.internal.RegionFactoryInitiator.initiateService(RegionFactoryInitiator.java:50))
[05/jul./2024 03:13:25] [:] INFO - No LoadTimeWeaver setup: ignoring JPA class transformer (org.springframework.orm.jpa.persistenceunit.SpringPersistenceUnitInfo.addTransformer(SpringPersistenceUnitInfo.java:87))
[05/jul./2024 03:13:32] [:] INFO - HHH000489: No JTA platform available (set 'hibernate.transaction.jta.platform' to enable JTA platform integration) (org.hibernate.engine.transaction.jta.platform.internal.JtaPlatformInitiator.initiateService(JtaPlatformInitiator.java:58))
[05/jul./2024 03:13:34] [:] INFO - Initialized JPA EntityManagerFactory for persistence unit 'default' (org.springframework.orm.jpa.AbstractEntityManagerFactoryBean.buildNativeEntityManagerFactory(AbstractEntityManagerFactoryBean.java:437))
[05/jul./2024 03:13:35] [:] INFO - Hibernate is in classpath; If applicable, HQL parser will be used. (org.springframework.data.jpa.repository.query.QueryEnhancerFactory.<clinit>(QueryEnhancerFactory.java:49))
[05/jul./2024 03:13:46] [:] INFO - Started VaccineIoOperationRepositoryTest in 29.794 seconds (process running for 41.052) (org.springframework.boot.StartupInfoLogger.logStarted(StartupInfoLogger.java:56))
[05/jul./2024 03:13:51] [:] INFO - Could not detect default configuration classes for test class [org.isf.vactype.VaccineTypeIoOperationRepositoryTest]: VaccineTypeIoOperationRepositoryTest does not declare any static, non-private, non-final, nested classes annotated with @Configuration. (org.springframework.test.context.support.AnnotationConfigContextLoaderUtils.detectDefaultConfigurationClasses(AnnotationConfigContextLoaderUtils.java:83))
[05/jul./2024 03:13:52] [:] INFO - Found @SpringBootConfiguration org.isf.OpenHospitalCoreApplication for test class org.isf.vactype.VaccineTypeIoOperationRepositoryTest (org.springframework.boot.test.context.SpringBootTestContextBootstrapper.getOrFindConfigurationClasses(SpringBootTestContextBootstrapper.java:234))
[05/jul./2024 03:13:56] [:] INFO - Closing JPA EntityManagerFactory for persistence unit 'default' (org.springframework.orm.jpa.AbstractEntityManagerFactoryBean.destroy(AbstractEntityManagerFactoryBean.java:650))
[05/jul./2024 03:19:53] [:] INFO - HV000001: Hibernate Validator 8.0.1.Final (org.hibernate.validator.internal.util.Version.<clinit>(Version.java:21))
[05/jul./2024 03:19:54] [:] INFO - Starting VaccineIoOperationRepositoryTest using Java 22.0.1 with PID 17016 (started by master in C:\Users\master\Documents\Jesse3\openhospital-core) (org.springframework.boot.StartupInfoLogger.logStarting(StartupInfoLogger.java:50))
[05/jul./2024 03:19:54] [:] INFO - No active profile set, falling back to 1 default profile: "default" (org.springframework.boot.SpringApplication.logStartupProfileInfo(SpringApplication.java:654))
[05/jul./2024 03:19:59] [:] INFO - Bootstrapping Spring Data JPA repositories in DEFAULT mode. (org.springframework.data.repository.config.RepositoryConfigurationDelegate.registerRepositoriesIn(RepositoryConfigurationDelegate.java:143))
[05/jul./2024 03:20:00] [:] INFO - Finished Spring Data repository scanning in 1709 ms. Found 59 JPA repository interfaces. (org.springframework.data.repository.config.RepositoryConfigurationDelegate.registerRepositoriesIn(RepositoryConfigurationDelegate.java:211))
[05/jul./2024 03:20:01] [:] INFO - Replacing 'dataSource' DataSource bean with embedded version (org.springframework.boot.test.autoconfigure.jdbc.TestDatabaseAutoConfiguration$EmbeddedDataSourceBeanFactoryPostProcessor.process(TestDatabaseAutoConfiguration.java:104))
[05/jul./2024 03:20:02] [:] INFO - Starting embedded database: url='jdbc:h2:mem:0d3342b3-4c4a-46c1-ab3f-a762f3205dfc;DB_CLOSE_DELAY=-1;DB_CLOSE_ON_EXIT=false', username='sa' (org.springframework.jdbc.datasource.embedded.EmbeddedDatabaseFactory.initDatabase(EmbeddedDatabaseFactory.java:189))
[05/jul./2024 03:20:03] [:] INFO - HHH000204: Processing PersistenceUnitInfo [name: default] (org.hibernate.jpa.internal.util.LogHelper.logPersistenceUnitInformation(LogHelper.java:31))
[05/jul./2024 03:20:04] [:] INFO - HHH000412: Hibernate ORM core version 6.4.9.Final (org.hibernate.Version.logVersion(Version.java:44))
[05/jul./2024 03:20:04] [:] INFO - HHH000026: Second-level cache disabled (org.hibernate.cache.internal.RegionFactoryInitiator.initiateService(RegionFactoryInitiator.java:50))
[05/jul./2024 03:20:04] [:] INFO - No LoadTimeWeaver setup: ignoring JPA class transformer (org.springframework.orm.jpa.persistenceunit.SpringPersistenceUnitInfo.addTransformer(SpringPersistenceUnitInfo.java:87))
[05/jul./2024 03:20:21] [:] INFO - HHH000489: No JTA platform available (set 'hibernate.transaction.jta.platform' to enable JTA platform integration) (org.hibernate.engine.transaction.jta.platform.internal.JtaPlatformInitiator.initiateService(JtaPlatformInitiator.java:58))
[05/jul./2024 03:20:22] [:] INFO - Initialized JPA EntityManagerFactory for persistence unit 'default' (org.springframework.orm.jpa.AbstractEntityManagerFactoryBean.buildNativeEntityManagerFactory(AbstractEntityManagerFactoryBean.java:437))
[05/jul./2024 03:20:27] [:] INFO - Hibernate is in classpath; If applicable, HQL parser will be used. (org.springframework.data.jpa.repository.query.QueryEnhancerFactory.<clinit>(QueryEnhancerFactory.java:49))
[05/jul./2024 03:20:40] [:] INFO - Started VaccineIoOperationRepositoryTest in 49.341 seconds (process running for 70.347) (org.springframework.boot.StartupInfoLogger.logStarted(StartupInfoLogger.java:56))
[05/jul./2024 03:20:45] [:] INFO - Could not detect default configuration classes for test class [org.isf.vactype.VaccineTypeIoOperationRepositoryTest]: VaccineTypeIoOperationRepositoryTest does not declare any static, non-private, non-final, nested classes annotated with @Configuration. (org.springframework.test.context.support.AnnotationConfigContextLoaderUtils.detectDefaultConfigurationClasses(AnnotationConfigContextLoaderUtils.java:83))
[05/jul./2024 03:20:46] [:] INFO - Found @SpringBootConfiguration org.isf.OpenHospitalCoreApplication for test class org.isf.vactype.VaccineTypeIoOperationRepositoryTest (org.springframework.boot.test.context.SpringBootTestContextBootstrapper.getOrFindConfigurationClasses(SpringBootTestContextBootstrapper.java:234))
[05/jul./2024 03:20:52] [:] INFO - Closing JPA EntityManagerFactory for persistence unit 'default' (org.springframework.orm.jpa.AbstractEntityManagerFactoryBean.destroy(AbstractEntityManagerFactoryBean.java:650))
[05/jul./2024 03:26:45] [:] INFO - HV000001: Hibernate Validator 8.0.1.Final (org.hibernate.validator.internal.util.Version.<clinit>(Version.java:21))
[05/jul./2024 03:26:46] [:] INFO - Starting VaccineIoOperationRepositoryTest using Java 22.0.1 with PID 14908 (started by master in C:\Users\master\Documents\Jesse3\openhospital-core) (org.springframework.boot.StartupInfoLogger.logStarting(StartupInfoLogger.java:50))
[05/jul./2024 03:26:46] [:] INFO - No active profile set, falling back to 1 default profile: "default" (org.springframework.boot.SpringApplication.logStartupProfileInfo(SpringApplication.java:654))
[05/jul./2024 03:26:50] [:] INFO - Bootstrapping Spring Data JPA repositories in DEFAULT mode. (org.springframework.data.repository.config.RepositoryConfigurationDelegate.registerRepositoriesIn(RepositoryConfigurationDelegate.java:143))
[05/jul./2024 03:26:51] [:] INFO - Finished Spring Data repository scanning in 1096 ms. Found 59 JPA repository interfaces. (org.springframework.data.repository.config.RepositoryConfigurationDelegate.registerRepositoriesIn(RepositoryConfigurationDelegate.java:211))
[05/jul./2024 03:26:51] [:] INFO - Replacing 'dataSource' DataSource bean with embedded version (org.springframework.boot.test.autoconfigure.jdbc.TestDatabaseAutoConfiguration$EmbeddedDataSourceBeanFactoryPostProcessor.process(TestDatabaseAutoConfiguration.java:104))
[05/jul./2024 03:26:52] [:] INFO - Starting embedded database: url='jdbc:h2:mem:ca484e03-afc2-489b-8432-bf12a2b3eede;DB_CLOSE_DELAY=-1;DB_CLOSE_ON_EXIT=false', username='sa' (org.springframework.jdbc.datasource.embedded.EmbeddedDatabaseFactory.initDatabase(EmbeddedDatabaseFactory.java:189))
[05/jul./2024 03:26:54] [:] INFO - HHH000204: Processing PersistenceUnitInfo [name: default] (org.hibernate.jpa.internal.util.LogHelper.logPersistenceUnitInformation(LogHelper.java:31))
[05/jul./2024 03:26:55] [:] INFO - HHH000412: Hibernate ORM core version 6.4.9.Final (org.hibernate.Version.logVersion(Version.java:44))
[05/jul./2024 03:26:55] [:] INFO - HHH000026: Second-level cache disabled (org.hibernate.cache.internal.RegionFactoryInitiator.initiateService(RegionFactoryInitiator.java:50))
[05/jul./2024 03:26:55] [:] INFO - No LoadTimeWeaver setup: ignoring JPA class transformer (org.springframework.orm.jpa.persistenceunit.SpringPersistenceUnitInfo.addTransformer(SpringPersistenceUnitInfo.java:87))
[05/jul./2024 03:27:13] [:] INFO - HHH000489: No JTA platform available (set 'hibernate.transaction.jta.platform' to enable JTA platform integration) (org.hibernate.engine.transaction.jta.platform.internal.JtaPlatformInitiator.initiateService(JtaPlatformInitiator.java:58))
[05/jul./2024 03:27:15] [:] INFO - Initialized JPA EntityManagerFactory for persistence unit 'default' (org.springframework.orm.jpa.AbstractEntityManagerFactoryBean.buildNativeEntityManagerFactory(AbstractEntityManagerFactoryBean.java:437))
[05/jul./2024 03:27:18] [:] INFO - Hibernate is in classpath; If applicable, HQL parser will be used. (org.springframework.data.jpa.repository.query.QueryEnhancerFactory.<clinit>(QueryEnhancerFactory.java:49))
[05/jul./2024 03:27:33] [:] INFO - Started VaccineIoOperationRepositoryTest in 49.524 seconds (process running for 73.981) (org.springframework.boot.StartupInfoLogger.logStarted(StartupInfoLogger.java:56))
[05/jul./2024 03:27:39] [:] INFO - Could not detect default configuration classes for test class [org.isf.vactype.VaccineTypeIoOperationRepositoryTest]: VaccineTypeIoOperationRepositoryTest does not declare any static, non-private, non-final, nested classes annotated with @Configuration. (org.springframework.test.context.support.AnnotationConfigContextLoaderUtils.detectDefaultConfigurationClasses(AnnotationConfigContextLoaderUtils.java:83))
[05/jul./2024 03:27:39] [:] INFO - Found @SpringBootConfiguration org.isf.OpenHospitalCoreApplication for test class org.isf.vactype.VaccineTypeIoOperationRepositoryTest (org.springframework.boot.test.context.SpringBootTestContextBootstrapper.getOrFindConfigurationClasses(SpringBootTestContextBootstrapper.java:234))
[05/jul./2024 03:27:42] [:] INFO - Closing JPA EntityManagerFactory for persistence unit 'default' (org.springframework.orm.jpa.AbstractEntityManagerFactoryBean.destroy(AbstractEntityManagerFactoryBean.java:650))
[05/jul./2024 03:33:10] [:] INFO - HV000001: Hibernate Validator 8.0.1.Final (org.hibernate.validator.internal.util.Version.<clinit>(Version.java:21))
[05/jul./2024 03:33:10] [:] INFO - Starting VaccineIoOperationRepositoryTest using Java 22.0.1 with PID 8024 (started by master in C:\Users\master\Documents\Jesse3\openhospital-core) (org.springframework.boot.StartupInfoLogger.logStarting(StartupInfoLogger.java:50))
[05/jul./2024 03:33:10] [:] INFO - No active profile set, falling back to 1 default profile: "default" (org.springframework.boot.SpringApplication.logStartupProfileInfo(SpringApplication.java:654))
[05/jul./2024 03:33:14] [:] INFO - Bootstrapping Spring Data JPA repositories in DEFAULT mode. (org.springframework.data.repository.config.RepositoryConfigurationDelegate.registerRepositoriesIn(RepositoryConfigurationDelegate.java:143))
[05/jul./2024 03:33:16] [:] INFO - Finished Spring Data repository scanning in 1429 ms. Found 59 JPA repository interfaces. (org.springframework.data.repository.config.RepositoryConfigurationDelegate.registerRepositoriesIn(RepositoryConfigurationDelegate.java:211))
[05/jul./2024 03:33:16] [:] INFO - Replacing 'dataSource' DataSource bean with embedded version (org.springframework.boot.test.autoconfigure.jdbc.TestDatabaseAutoConfiguration$EmbeddedDataSourceBeanFactoryPostProcessor.process(TestDatabaseAutoConfiguration.java:104))
[05/jul./2024 03:33:17] [:] INFO - Starting embedded database: url='jdbc:h2:mem:31ce5967-1e5a-476a-bc1d-8e018abe96f7;DB_CLOSE_DELAY=-1;DB_CLOSE_ON_EXIT=false', username='sa' (org.springframework.jdbc.datasource.embedded.EmbeddedDatabaseFactory.initDatabase(EmbeddedDatabaseFactory.java:189))
[05/jul./2024 03:33:18] [:] INFO - HHH000204: Processing PersistenceUnitInfo [name: default] (org.hibernate.jpa.internal.util.LogHelper.logPersistenceUnitInformation(LogHelper.java:31))
[05/jul./2024 03:33:19] [:] INFO - HHH000412: Hibernate ORM core version 6.4.9.Final (org.hibernate.Version.logVersion(Version.java:44))
[05/jul./2024 03:33:19] [:] INFO - HHH000026: Second-level cache disabled (org.hibernate.cache.internal.RegionFactoryInitiator.initiateService(RegionFactoryInitiator.java:50))
[05/jul./2024 03:33:19] [:] INFO - No LoadTimeWeaver setup: ignoring JPA class transformer (org.springframework.orm.jpa.persistenceunit.SpringPersistenceUnitInfo.addTransformer(SpringPersistenceUnitInfo.java:87))
[05/jul./2024 03:33:30] [:] INFO - HHH000489: No JTA platform available (set 'hibernate.transaction.jta.platform' to enable JTA platform integration) (org.hibernate.engine.transaction.jta.platform.internal.JtaPlatformInitiator.initiateService(JtaPlatformInitiator.java:58))
[05/jul./2024 03:33:31] [:] INFO - Initialized JPA EntityManagerFactory for persistence unit 'default' (org.springframework.orm.jpa.AbstractEntityManagerFactoryBean.buildNativeEntityManagerFactory(AbstractEntityManagerFactoryBean.java:437))
[05/jul./2024 03:33:33] [:] INFO - Hibernate is in classpath; If applicable, HQL parser will be used. (org.springframework.data.jpa.repository.query.QueryEnhancerFactory.<clinit>(QueryEnhancerFactory.java:49))
[05/jul./2024 03:33:41] [:] INFO - Started VaccineIoOperationRepositoryTest in 33.688 seconds (process running for 55.35) (org.springframework.boot.StartupInfoLogger.logStarted(StartupInfoLogger.java:56))
[05/jul./2024 03:33:44] [:] INFO - Could not detect default configuration classes for test class [org.isf.vactype.VaccineTypeIoOperationRepositoryTest]: VaccineTypeIoOperationRepositoryTest does not declare any static, non-private, non-final, nested classes annotated with @Configuration. (org.springframework.test.context.support.AnnotationConfigContextLoaderUtils.detectDefaultConfigurationClasses(AnnotationConfigContextLoaderUtils.java:83))
[05/jul./2024 03:33:44] [:] INFO - Found @SpringBootConfiguration org.isf.OpenHospitalCoreApplication for test class org.isf.vactype.VaccineTypeIoOperationRepositoryTest (org.springframework.boot.test.context.SpringBootTestContextBootstrapper.getOrFindConfigurationClasses(SpringBootTestContextBootstrapper.java:234))
[05/jul./2024 03:33:46] [:] INFO - Closing JPA EntityManagerFactory for persistence unit 'default' (org.springframework.orm.jpa.AbstractEntityManagerFactoryBean.destroy(AbstractEntityManagerFactoryBean.java:650))
